2018-11-07 16:13:50.336  INFO 5204 --- [main] com.example.test.DemoApplication         : Starting DemoApplication on admin-PC with PID 5204 (D:\Study\Spring\workspace\demo\target\classes started by admin in D:\Study\Spring\workspace\demo)
2018-11-07 16:13:50.339  INFO 5204 --- [main] com.example.test.DemoApplication         : No active profile set, falling back to default profiles: default
2018-11-07 16:13:50.392  INFO 5204 --- [main] ConfigServletWebServerApplicationContext : Refreshing org.springframework.boot.web.servlet.context.AnnotationConfigServletWebServerApplicationContext@7adda9cc: startup date [Wed Nov 07 16:13:50 ICT 2018]; root of context hierarchy
2018-11-07 16:13:51.638  INFO 5204 --- [main] trationDelegate$BeanPostProcessorChecker : Bean 'org.springframework.transaction.annotation.ProxyTransactionManagementConfiguration' of type [org.springframework.transaction.annotation.ProxyTransactionManagementConfiguration$$EnhancerBySpringCGLIB$$a8865b42] is not eligible for getting processed by all BeanPostProcessors (for example: not eligible for auto-proxying)
2018-11-07 16:13:51.683  INFO 5204 --- [main] trationDelegate$BeanPostProcessorChecker : Bean 'org.springframework.security.config.annotation.configuration.ObjectPostProcessorConfiguration' of type [org.springframework.security.config.annotation.configuration.ObjectPostProcessorConfiguration$$EnhancerBySpringCGLIB$$4134237c] is not eligible for getting processed by all BeanPostProcessors (for example: not eligible for auto-proxying)
2018-11-07 16:13:51.691  INFO 5204 --- [main] trationDelegate$BeanPostProcessorChecker : Bean 'objectPostProcessor' of type [org.springframework.security.config.annotation.configuration.AutowireBeanFactoryObjectPostProcessor] is not eligible for getting processed by all BeanPostProcessors (for example: not eligible for auto-proxying)
2018-11-07 16:13:51.693  INFO 5204 --- [main] trationDelegate$BeanPostProcessorChecker : Bean 'org.springframework.security.access.expression.method.DefaultMethodSecurityExpressionHandler@2617f816' of type [org.springframework.security.access.expression.method.DefaultMethodSecurityExpressionHandler] is not eligible for getting processed by all BeanPostProcessors (for example: not eligible for auto-proxying)
2018-11-07 16:13:51.696  INFO 5204 --- [main] trationDelegate$BeanPostProcessorChecker : Bean 'org.springframework.security.config.annotation.method.configuration.GlobalMethodSecurityConfiguration' of type [org.springframework.security.config.annotation.method.configuration.GlobalMethodSecurityConfiguration$$EnhancerBySpringCGLIB$$6608c62e] is not eligible for getting processed by all BeanPostProcessors (for example: not eligible for auto-proxying)
2018-11-07 16:13:51.705  INFO 5204 --- [main] trationDelegate$BeanPostProcessorChecker : Bean 'methodSecurityMetadataSource' of type [org.springframework.security.access.method.DelegatingMethodSecurityMetadataSource] is not eligible for getting processed by all BeanPostProcessors (for example: not eligible for auto-proxying)
2018-11-07 16:13:52.112  INFO 5204 --- [main] o.s.b.w.embedded.tomcat.TomcatWebServer  : Tomcat initialized with port(s): 8080 (http)
2018-11-07 16:13:52.138  INFO 5204 --- [main] o.apache.catalina.core.StandardService   : Starting service [Tomcat]
2018-11-07 16:13:52.138  INFO 5204 --- [main] org.apache.catalina.core.StandardEngine  : Starting Servlet Engine: Apache Tomcat/8.5.32
2018-11-07 16:13:52.149  INFO 5204 --- [localhost-startStop-1] o.a.catalina.core.AprLifecycleListener   : The APR based Apache Tomcat Native library which allows optimal performance in production environments was not found on the java.library.path: [C:\Program Files\Java\jdk1.8.0_65\bin;C:\Windows\Sun\Java\bin;C:\Windows\system32;C:\Windows;C:/Program Files/Java/jdk1.8.0_65/jre/bin/server;C:/Program Files/Java/jdk1.8.0_65/jre/bin;C:/Program Files/Java/jdk1.8.0_65/jre/lib/amd64;E:\app\Administrator\product\12.1.0\client_1;E:\app\Administrator\product\12.1.0\client_1\bin;C:\Program Files\Java\jdk1.8.0_65\jre\bin;C:\oraclexe\app\oracle\product\11.2.0\server\bin;C:\ProgramData\Oracle\Java\javapath;C:\Program Files (x86)\Intel\iCLS Client\;C:\Program Files\Intel\iCLS Client\;C:\Windows\system32;C:\Windows;C:\Windows\System32\Wbem;C:\Windows\System32\WindowsPowerShell\v1.0\;C:\Program Files\Intel\Intel(R) Management Engine Components\DAL;C:\Program Files\Intel\Intel(R) Management Engine Components\IPT;C:\Program Files (x86)\Intel\Intel(R) Management Engine Components\DAL;C:\Program Files (x86)\Intel\Intel(R) Management Engine Components\IPT;C:\Program Files\TortoiseSVN\bin;C:\AndroidSDK\tools;C:\AndroidSDK\platform-tools;C:\Program Files\Java\jdk1.8.0_25\bin;D:\Study\Ruby\Ruby23-x64\bin\;C:\Program Files (x86)\QuickTime\QTSystem\;C:\Program Files\nodejs\;C:\Program Files\Microsoft\Web Platform Installer\;C:\Program Files (x86)\Microsoft ASP.NET\ASP.NET Web Pages\v1.0\;C:\Program Files\Java\jdk1.8.0_65\bin;C:\Program Files\Git\cmd;C:\Users\admin\AppData\Roaming\npm;D:\Software\Java\eclipse;;.]
2018-11-07 16:13:52.381  INFO 5204 --- [localhost-startStop-1] o.a.c.c.C.[Tomcat].[localhost].[/]       : Initializing Spring embedded WebApplicationContext
2018-11-07 16:13:52.382  INFO 5204 --- [localhost-startStop-1] o.s.web.context.ContextLoader            : Root WebApplicationContext: initialization completed in 1991 ms
2018-11-07 16:13:52.481  INFO 5204 --- [localhost-startStop-1] o.s.b.w.servlet.FilterRegistrationBean   : Mapping filter: 'characterEncodingFilter' to: [/*]
2018-11-07 16:13:52.482  INFO 5204 --- [localhost-startStop-1] o.s.b.w.servlet.FilterRegistrationBean   : Mapping filter: 'hiddenHttpMethodFilter' to: [/*]
2018-11-07 16:13:52.482  INFO 5204 --- [localhost-startStop-1] o.s.b.w.servlet.FilterRegistrationBean   : Mapping filter: 'httpPutFormContentFilter' to: [/*]
2018-11-07 16:13:52.482  INFO 5204 --- [localhost-startStop-1] o.s.b.w.servlet.FilterRegistrationBean   : Mapping filter: 'requestContextFilter' to: [/*]
2018-11-07 16:13:52.482  INFO 5204 --- [localhost-startStop-1] .s.DelegatingFilterProxyRegistrationBean : Mapping filter: 'springSecurityFilterChain' to: [/*]
2018-11-07 16:13:52.482  INFO 5204 --- [localhost-startStop-1] o.s.b.w.servlet.ServletRegistrationBean  : Servlet dispatcherServlet mapped to [/]
2018-11-07 16:13:52.726  INFO 5204 --- [main] com.zaxxer.hikari.HikariDataSource       : HikariPool-1 - Starting...
2018-11-07 16:13:52.824  INFO 5204 --- [main] com.zaxxer.hikari.HikariDataSource       : HikariPool-1 - Start completed.
2018-11-07 16:13:52.879  INFO 5204 --- [main] j.LocalContainerEntityManagerFactoryBean : Building JPA container EntityManagerFactory for persistence unit 'default'
2018-11-07 16:13:52.896  INFO 5204 --- [main] o.hibernate.jpa.internal.util.LogHelper  : HHH000204: Processing PersistenceUnitInfo [
	name: default
	...]
2018-11-07 16:13:52.979  INFO 5204 --- [main] org.hibernate.Version                    : HHH000412: Hibernate Core {5.2.17.Final}
2018-11-07 16:13:52.980  INFO 5204 --- [main] org.hibernate.cfg.Environment            : HHH000206: hibernate.properties not found
2018-11-07 16:13:53.018  INFO 5204 --- [main] o.hibernate.annotations.common.Version   : HCANN000001: Hibernate Commons Annotations {5.0.1.Final}
2018-11-07 16:13:53.140  INFO 5204 --- [main] org.hibernate.dialect.Dialect            : HHH000400: Using dialect: org.hibernate.dialect.PostgreSQLDialect
2018-11-07 16:13:53.157  INFO 5204 --- [main] o.h.e.j.e.i.LobCreatorBuilderImpl        : HHH000422: Disabling contextual LOB creation as connection was null
2018-11-07 16:13:53.158  INFO 5204 --- [main] org.hibernate.type.BasicTypeRegistry     : HHH000270: Type registration [java.util.UUID] overrides previous : org.hibernate.type.UUIDBinaryType@7b6860f9
2018-11-07 16:13:53.691  INFO 5204 --- [main] j.LocalContainerEntityManagerFactoryBean : Initialized JPA EntityManagerFactory for persistence unit 'default'
2018-11-07 16:13:54.220  INFO 5204 --- [main] .s.s.UserDetailsServiceAutoConfiguration : 

Using generated security password: 5a8a0a50-3c3e-4ee7-a99a-6618435c1233

2018-11-07 16:13:54.390  INFO 5204 --- [main] o.s.s.web.DefaultSecurityFilterChain     : Creating filter chain: org.springframework.security.web.util.matcher.AnyRequestMatcher@1, [org.springframework.security.web.context.request.async.WebAsyncManagerIntegrationFilter@6d0e45a5, org.springframework.security.web.context.SecurityContextPersistenceFilter@52abed9d, org.springframework.security.web.header.HeaderWriterFilter@72465eb2, org.springframework.security.web.authentication.logout.LogoutFilter@75882261, org.springframework.security.web.savedrequest.RequestCacheAwareFilter@492be039, org.springframework.security.web.servletapi.SecurityContextHolderAwareRequestFilter@261f359f, org.springframework.security.web.authentication.AnonymousAuthenticationFilter@7e7740a5, org.springframework.security.web.session.SessionManagementFilter@30f28b5, org.springframework.security.web.access.ExceptionTranslationFilter@570a62a5, org.springframework.security.web.access.intercept.FilterSecurityInterceptor@7b96de8d]
2018-11-07 16:13:54.504  INFO 5204 --- [main] o.s.w.s.handler.SimpleUrlHandlerMapping  : Mapped URL path [/**/favicon.ico] onto handler of type [class org.springframework.web.servlet.resource.ResourceHttpRequestHandler]
2018-11-07 16:13:54.641  INFO 5204 --- [main] s.w.s.m.m.a.RequestMappingHandlerAdapter : Looking for @ControllerAdvice: org.springframework.boot.web.servlet.context.AnnotationConfigServletWebServerApplicationContext@7adda9cc: startup date [Wed Nov 07 16:13:50 ICT 2018]; root of context hierarchy
2018-11-07 16:13:54.686  WARN 5204 --- [main] aWebConfiguration$JpaWebMvcConfiguration : spring.jpa.open-in-view is enabled by default. Therefore, database queries may be performed during view rendering. Explicitly configure spring.jpa.open-in-view to disable this warning
2018-11-07 16:13:54.716  INFO 5204 --- [main] s.w.s.m.m.a.RequestMappingHandlerMapping : Mapped "{[/],methods=[GET]}" onto public java.lang.String com.example.test.controller.IndexController.index()
2018-11-07 16:13:54.722  INFO 5204 --- [main] s.w.s.m.m.a.RequestMappingHandlerMapping : Mapped "{[/info/{id}],methods=[PUT]}" onto public org.springframework.http.ResponseEntity<com.example.test.model.Info> com.example.test.controller.InfoController.update(java.lang.String,java.util.Map<java.lang.String, java.lang.String>)
2018-11-07 16:13:54.724  INFO 5204 --- [main] s.w.s.m.m.a.RequestMappingHandlerMapping : Mapped "{[/info/{id}],methods=[DELETE]}" onto public org.springframework.http.ResponseEntity<java.lang.Void> com.example.test.controller.InfoController.delete(java.lang.String)
2018-11-07 16:13:54.725  INFO 5204 --- [main] s.w.s.m.m.a.RequestMappingHandlerMapping : Mapped "{[/info],methods=[POST]}" onto public org.springframework.http.ResponseEntity<?> com.example.test.controller.InfoController.create(java.util.Map<java.lang.String, java.lang.String>)
2018-11-07 16:13:54.725  INFO 5204 --- [main] s.w.s.m.m.a.RequestMappingHandlerMapping : Mapped "{[/infos],methods=[GET]}" onto public org.springframework.http.ResponseEntity<java.util.List<com.example.test.model.Info>> com.example.test.controller.InfoController.listAllInfo()
2018-11-07 16:13:54.725  INFO 5204 --- [main] s.w.s.m.m.a.RequestMappingHandlerMapping : Mapped "{[/info/{id}],methods=[GET]}" onto public org.springframework.http.ResponseEntity<?> com.example.test.controller.InfoController.getInfoById(java.lang.String)
2018-11-07 16:13:54.725  INFO 5204 --- [main] s.w.s.m.m.a.RequestMappingHandlerMapping : Mapped "{[/info/search],methods=[POST]}" onto public java.util.List<com.example.test.model.Info> com.example.test.controller.InfoController.findContent(java.util.Map<java.lang.String, java.lang.String>)
2018-11-07 16:13:54.726  INFO 5204 --- [main] s.w.s.m.m.a.RequestMappingHandlerMapping : Mapped "{[/api/upload/multi/model],methods=[POST]}" onto public org.springframework.http.ResponseEntity<?> com.example.test.controller.UploadController.multiUploadFileModel(com.example.test.model.UploadModel)
2018-11-07 16:13:54.727  INFO 5204 --- [main] s.w.s.m.m.a.RequestMappingHandlerMapping : Mapped "{[/api/upload],methods=[POST]}" onto public org.springframework.http.ResponseEntity<?> com.example.test.controller.UploadController.uploadFile(org.springframework.web.multipart.MultipartFile)
2018-11-07 16:13:54.727  INFO 5204 --- [main] s.w.s.m.m.a.RequestMappingHandlerMapping : Mapped "{[/api/upload/multi],methods=[POST]}" onto public org.springframework.http.ResponseEntity<?> com.example.test.controller.UploadController.uploadFileMulti(org.springframework.web.multipart.MultipartHttpServletRequest,org.springframework.web.multipart.MultipartFile[])
2018-11-07 16:13:54.729  INFO 5204 --- [main] s.w.s.m.m.a.RequestMappingHandlerMapping : Mapped "{[/error]}" onto public org.springframework.http.ResponseEntity<java.util.Map<java.lang.String, java.lang.Object>> org.springframework.boot.autoconfigure.web.servlet.error.BasicErrorController.error(javax.servlet.http.HttpServletRequest)
2018-11-07 16:13:54.730  INFO 5204 --- [main] s.w.s.m.m.a.RequestMappingHandlerMapping : Mapped "{[/error],produces=[text/html]}" onto public org.springframework.web.servlet.ModelAndView org.springframework.boot.autoconfigure.web.servlet.error.BasicErrorController.errorHtml(javax.servlet.http.HttpServletRequest,javax.servlet.http.HttpServletResponse)
2018-11-07 16:13:54.758  INFO 5204 --- [main] o.s.w.s.handler.SimpleUrlHandlerMapping  : Mapped URL path [/webjars/**] onto handler of type [class org.springframework.web.servlet.resource.ResourceHttpRequestHandler]
2018-11-07 16:13:54.759  INFO 5204 --- [main] o.s.w.s.handler.SimpleUrlHandlerMapping  : Mapped URL path [/**] onto handler of type [class org.springframework.web.servlet.resource.ResourceHttpRequestHandler]
2018-11-07 16:13:54.779  INFO 5204 --- [main] .m.m.a.ExceptionHandlerExceptionResolver : Detected @ExceptionHandler methods in restGlobalExceptionHandler
2018-11-07 16:13:54.870  INFO 5204 --- [main] o.s.b.a.w.s.WelcomePageHandlerMapping    : Adding welcome page template: index
2018-11-07 16:13:55.056  INFO 5204 --- [main] o.s.j.e.a.AnnotationMBeanExporter        : Registering beans for JMX exposure on startup
2018-11-07 16:13:55.058  INFO 5204 --- [main] o.s.j.e.a.AnnotationMBeanExporter        : Bean with name 'dataSource' has been autodetected for JMX exposure
2018-11-07 16:13:55.062  INFO 5204 --- [main] o.s.j.e.a.AnnotationMBeanExporter        : Located MBean 'dataSource': registering with JMX server as MBean [com.zaxxer.hikari:name=dataSource,type=HikariDataSource]
2018-11-07 16:13:55.105  INFO 5204 --- [main] o.s.b.w.embedded.tomcat.TomcatWebServer  : Tomcat started on port(s): 8080 (http) with context path ''
2018-11-07 16:13:55.108  INFO 5204 --- [main] com.example.test.DemoApplication         : Started DemoApplication in 5.104 seconds (JVM running for 5.661)
2018-11-07 16:14:00.646  INFO 5204 --- [http-nio-8080-exec-1] o.a.c.c.C.[Tomcat].[localhost].[/]       : Initializing Spring FrameworkServlet 'dispatcherServlet'
2018-11-07 16:14:00.646  INFO 5204 --- [http-nio-8080-exec-1] o.s.web.servlet.DispatcherServlet        : FrameworkServlet 'dispatcherServlet': initialization started
2018-11-07 16:14:00.669  INFO 5204 --- [http-nio-8080-exec-1] o.s.web.servlet.DispatcherServlet        : FrameworkServlet 'dispatcherServlet': initialization completed in 23 ms
2018-11-07 16:14:05.001  INFO 5204 --- [http-nio-8080-exec-4] c.e.test.controller.UploadController     : This is INFO
2018-11-07 16:16:11.361  INFO 5204 --- [RMI TCP Connection(2)-127.0.0.1] inMXBeanRegistrar$SpringApplicationAdmin : Application shutdown requested.
2018-11-07 16:16:11.362  INFO 5204 --- [RMI TCP Connection(2)-127.0.0.1] ConfigServletWebServerApplicationContext : Closing org.springframework.boot.web.servlet.context.AnnotationConfigServletWebServerApplicationContext@7adda9cc: startup date [Wed Nov 07 16:13:50 ICT 2018]; root of context hierarchy
2018-11-07 16:16:11.364  INFO 5204 --- [RMI TCP Connection(2)-127.0.0.1] o.s.j.e.a.AnnotationMBeanExporter        : Unregistering JMX-exposed beans on shutdown
2018-11-07 16:16:11.365  INFO 5204 --- [RMI TCP Connection(2)-127.0.0.1] o.s.j.e.a.AnnotationMBeanExporter        : Unregistering JMX-exposed beans
2018-11-07 16:16:11.366  INFO 5204 --- [RMI TCP Connection(2)-127.0.0.1] j.LocalContainerEntityManagerFactoryBean : Closing JPA EntityManagerFactory for persistence unit 'default'
2018-11-07 16:16:11.367  INFO 5204 --- [RMI TCP Connection(2)-127.0.0.1] com.zaxxer.hikari.HikariDataSource       : HikariPool-1 - Shutdown initiated...
2018-11-07 16:16:11.372  INFO 5204 --- [RMI TCP Connection(2)-127.0.0.1] com.zaxxer.hikari.HikariDataSource       : HikariPool-1 - Shutdown completed.
